00:12:41.369 INFO  Autorizacion de cargue{"deviceId":"DOROTI-A000"}id-489432740 
00:12:41.369 ERROR Error de parametros{"deviceId":"DOROTI-A000"} 
00:12:58.115 INFO  Autorizacion de cargue{"deviceId":"DOROTI-A000"}id-1627757584 
00:12:58.115 ERROR Error de parametros{"deviceId":"DOROTI-A000"} 
00:14:51.971 INFO  Autorizacion de cargue{"deviceId":"DOROTI-A000"}id-730316391 
00:14:51.985 ERROR Error de parametros{"deviceId":"DOROTI-A000"} 
00:15:08.823 INFO  Autorizacion de cargue{"deviceId":"DOROTI-A000","password":"123","slots":"123123"}id-730316389 
00:15:08.824 ERROR Error de parametros{"deviceId":"DOROTI-A000","password":"123","slots":"123123"} 
00:15:44.951 INFO  Autorizacion de cargue{"deviceId":"DOROTI-A000","password":"123","slots":"123123"}id460771048 
00:15:44.968 ERROR Error de parametros{"deviceId":"DOROTI-A000","password":"123","slots":"123123"} 
00:16:18.414 INFO  Autorizacion de cargue{"deviceId":"DOROTI-A000","password":"123","slots":"123123"}id1059605057 
00:16:18.431 ERROR Error de parametros{"deviceId":"DOROTI-A000","password":"123","slots":"123123"} 
00:16:38.491 INFO  Autorizacion de cargue{"deviceId":"DOROTI-A000","password":"123","slots":"123123"}id260426286 
00:16:38.518 ERROR Error de parametros{"deviceId":"DOROTI-A000","password":"123","slots":"123123"} 
00:16:56.937 INFO  Autorizacion de cargue{"deviceId":"DOROTI-A000","password":"123","slots":"123123","idProveedor":"213123"}id260426287 
00:19:32.090 INFO  Autorizacion de cargue{"deviceId":"DOROTI-A000","password":"123","slots":"123123","idProveedor":"213123"}id1382378370 
00:21:53.858 INFO  Autorizacion de cargue{"deviceId":"DOROTI-A000","password":"123","slots":"123123","idProveedor":"213123"}id976473191 
00:22:39.792 INFO  Autorizacion de cargue{"deviceId":"DOROTI-A000","password":"123","slots":"123123","idProveedor":"213123"}id268967468 
00:22:56.304 INFO  Autorizacion de cargue{"deviceId":"DOROTI-A000","password":"123","slots":"123123","idProveedor":"213123"}id-833675563 
00:26:27.370 INFO  Autorizacion de cargue{"deviceId":"DOROTI-A000","password":"123","slots":"123123","idProveedor":"213123"}id1732920984 
